
**** Atari S/W Development HCD1 / BATCH OUTPUT FILE ****

AOS/VS  3.07 / EXEC  3.07	19-JAN-84	10:11:01	
QPRI=254	SEQ=31324
INPUT FILE -- :UDD:SYSTEMS:850:?031.CLI.004.JOB (WILL BE DELETED AFTER PROCESSING)
LIST FILE  -- :QUEUE:NORDIN.LIST.31324

--------
LAST MESSAGE CHANGE	12-JAN-84	16:06:08

		Atari S/W Development System HCD1

Backup schedule (system shut down): Saturday  21-Jan-84  9:30-11:30am

Refer to HELP *COMMANDS, HELP *PSEUDO, HELP, APHELP, and ?MHELP.

Refer to DISP FUNC in SED for list of default function key commands.

--------
LAST PREVIOUS LOGON	19-JAN-84	10:09:45
* searchlist :UDD:NORDIN:UTIL :UDD:NORDIN:LINKS :C :UTIL :

AOS/VS CLI   REV 03.03.00.00	19-JAN-84	10:11:05
¦ SEARCHLIST :UDD:SYSTEMS:UTIL,:UDD:NORDIN:UTIL,:UDD:NORDIN:LINKS,:C,:UTIL,:
¦ DIRECTORY :UDD:SYSTEMS:850
¦ DEFACL SYSTEMS,OWARE,A.JOE,OWARE,A.OLIVIA,OWARE,ARKEN,OWARE,BLOTCKY,OWARE,NORDIN,OWARE,TITTSLER,OWARE,FOWKES,OWARE
¦ CAMAC R850AMAC H=R850AMAC.OBJ L=R850AMAC.PRN R=F SL=132 


ATARI CAMAC Assembler Ver  1.0A
Copyright 1981 ATARI Inc.

Enter source file name and options

d:R850AMAC  h=d:R850AMAC.OBJ l=d:R850AMAC.PRN R=F SL=132           

  Pass 1 - Reading D1:R850AMAC.   
  Pass 2 - Reading D1:R850AMAC.   

  no ERRORs,  669 Labels, $67E8 free.


ATARI CAMAC Assembler Ver  1.0A
Copyright 1981 ATARI Inc.

Enter source file name and options



¦ 
¦ 
END OF FILE
AOS/VS CLI   TERMINATING	19-JAN-84	10:12:06

PROCESS 42 TERMINATED 
ELAPSED TIME  0:01:06
(OTHER JOBS, SAME USERNAME)
USER 'NORDIN' LOGGED OFF 	19-JAN-84	10:12:07


****
* LIST FILE EMPTY, WILL NOT BE PRINTED
****
